2023-04-05 00:35:37,517 [Worker-6: Loading available Gradle versions] INFO  o.e.b.c.i.u.g.PublishedGradleVersions - Gradle version information cache is up-to-date. Trying to read.
2023-04-05 00:37:30,383 [Worker-16: Launching mavenrun-88bb438a-9a72-4336-aca1-6c7ffe89efe9] INFO  o.e.m.i.launch.MavenLaunchDelegate - D:\Program\Projects\CRUD_WEB_APPLICATION
2023-04-05 00:37:30,387 [Worker-16: Launching mavenrun-88bb438a-9a72-4336-aca1-6c7ffe89efe9] INFO  o.e.m.i.launch.MavenLaunchDelegate -  mvn -DarchetypeVersion=1.4 -Dpackage=com.Crud.CRUD_WEB_APPLICATION -DarchetypeGroupId=org.apache.maven.archetypes -DarchetypeArtifactId=maven-archetype-webapp -DgroupId=com.Crud -DartifactId=CRUD_WEB_APPLICATION -DoutputDirectory=D:\Program\Projects\CRUD_WEB_APPLICATION -Dversion=0.0.1-SNAPSHOT -Dstyle.color=always -U archetype:generate
2023-04-05 00:37:47,162 [Worker-12: Creating maven-archetype-webapp] INFO  o.e.m.c.i.p.ProjectConfigurationManager - Collecting project info '/pom.xml' D:\Program\Projects\CRUD_WEB_APPLICATION\CRUD_WEB_APPLICATION\pom.xml
2023-04-05 00:37:47,824 [Worker-12: Creating maven-archetype-webapp] INFO  o.e.m.c.i.l.LifecycleMappingFactory - Using org.maven.ide.eclipse.wtp.WarLifecycleMapping lifecycle mapping for MavenProject: com.Crud:CRUD_WEB_APPLICATION:0.0.1-SNAPSHOT @ D:\Program\Projects\CRUD_WEB_APPLICATION\CRUD_WEB_APPLICATION\pom.xml.
2023-04-05 00:37:48,585 [Worker-12: Creating maven-archetype-webapp] INFO  o.e.m.j.i.AbstractJavaProjectConfigurator - Adding source folder /CRUD_WEB_APPLICATION/src/main/java
2023-04-05 00:37:48,586 [Worker-12: Creating maven-archetype-webapp] INFO  o.e.m.j.i.AbstractJavaProjectConfigurator - Adding source folder /CRUD_WEB_APPLICATION/src/test/java
2023-04-05 00:37:50,879 [Worker-12: Creating maven-archetype-webapp] INFO  o.e.m.c.i.p.ProjectConfigurationManager - Imported and configured 1 project(s) in 3 sec
2023-04-05 00:37:51,718 [Worker-25: Building] INFO  o.e.m.c.i.embedder.EclipseLogger - Using 'UTF-8' encoding to copy filtered resources.
2023-04-05 00:37:51,718 [Worker-25: Building] INFO  o.e.m.c.i.embedder.EclipseLogger - skip non existing resourceDirectory D:\Program\Projects\CRUD_WEB_APPLICATION\CRUD_WEB_APPLICATION\src\main\resources
2023-04-05 00:37:51,725 [Worker-25: Building] INFO  o.e.m.c.i.embedder.EclipseLogger - Using 'UTF-8' encoding to copy filtered resources.
2023-04-05 00:37:51,725 [Worker-25: Building] INFO  o.e.m.c.i.embedder.EclipseLogger - skip non existing resourceDirectory D:\Program\Projects\CRUD_WEB_APPLICATION\CRUD_WEB_APPLICATION\src\test\resources
2023-04-05 00:38:31,711 [Worker-16: Building] INFO  o.e.m.c.i.embedder.EclipseLogger - Using 'UTF-8' encoding to copy filtered resources.
2023-04-05 00:38:31,711 [Worker-16: Building] INFO  o.e.m.c.i.embedder.EclipseLogger - skip non existing resourceDirectory D:\Program\Projects\CRUD_WEB_APPLICATION\CRUD_WEB_APPLICATION\src\main\resources
2023-04-05 00:38:31,713 [Worker-16: Building] INFO  o.e.m.c.i.embedder.EclipseLogger - Using 'UTF-8' encoding to copy filtered resources.
2023-04-05 00:38:31,713 [Worker-16: Building] INFO  o.e.m.c.i.embedder.EclipseLogger - skip non existing resourceDirectory D:\Program\Projects\CRUD_WEB_APPLICATION\CRUD_WEB_APPLICATION\src\test\resources
2023-04-05 00:38:48,329 [Worker-15: Building] INFO  o.e.m.c.i.embedder.EclipseLogger - Using 'UTF-8' encoding to copy filtered resources.
2023-04-05 00:38:48,329 [Worker-15: Building] INFO  o.e.m.c.i.embedder.EclipseLogger - skip non existing resourceDirectory D:\Program\Projects\CRUD_WEB_APPLICATION\CRUD_WEB_APPLICATION\src\main\resources
2023-04-05 00:38:48,331 [Worker-15: Building] INFO  o.e.m.c.i.embedder.EclipseLogger - Using 'UTF-8' encoding to copy filtered resources.
2023-04-05 00:38:48,331 [Worker-15: Building] INFO  o.e.m.c.i.embedder.EclipseLogger - skip non existing resourceDirectory D:\Program\Projects\CRUD_WEB_APPLICATION\CRUD_WEB_APPLICATION\src\test\resources
2023-04-05 00:39:07,724 [Worker-12: Building] INFO  o.e.m.c.i.embedder.EclipseLogger - Using 'UTF-8' encoding to copy filtered resources.
2023-04-05 00:39:07,725 [Worker-12: Building] INFO  o.e.m.c.i.embedder.EclipseLogger - skip non existing resourceDirectory D:\Program\Projects\CRUD_WEB_APPLICATION\CRUD_WEB_APPLICATION\src\main\resources
2023-04-05 00:39:07,727 [Worker-12: Building] INFO  o.e.m.c.i.embedder.EclipseLogger - Using 'UTF-8' encoding to copy filtered resources.
2023-04-05 00:39:07,727 [Worker-12: Building] INFO  o.e.m.c.i.embedder.EclipseLogger - skip non existing resourceDirectory D:\Program\Projects\CRUD_WEB_APPLICATION\CRUD_WEB_APPLICATION\src\test\resources
2023-04-05 00:39:17,327 [Worker-15: Building] INFO  o.e.m.c.i.embedder.EclipseLogger - Using 'UTF-8' encoding to copy filtered resources.
2023-04-05 00:39:17,327 [Worker-15: Building] INFO  o.e.m.c.i.embedder.EclipseLogger - skip non existing resourceDirectory D:\Program\Projects\CRUD_WEB_APPLICATION\CRUD_WEB_APPLICATION\src\main\resources
2023-04-05 00:39:17,331 [Worker-15: Building] INFO  o.e.m.c.i.embedder.EclipseLogger - Using 'UTF-8' encoding to copy filtered resources.
2023-04-05 00:39:17,331 [Worker-15: Building] INFO  o.e.m.c.i.embedder.EclipseLogger - skip non existing resourceDirectory D:\Program\Projects\CRUD_WEB_APPLICATION\CRUD_WEB_APPLICATION\src\test\resources
2023-04-05 00:39:32,951 [Worker-15: Building] INFO  o.e.m.c.i.embedder.EclipseLogger - Using 'UTF-8' encoding to copy filtered resources.
2023-04-05 00:39:32,951 [Worker-15: Building] INFO  o.e.m.c.i.embedder.EclipseLogger - skip non existing resourceDirectory D:\Program\Projects\CRUD_WEB_APPLICATION\CRUD_WEB_APPLICATION\src\main\resources
2023-04-05 00:39:32,955 [Worker-15: Building] INFO  o.e.m.c.i.embedder.EclipseLogger - Using 'UTF-8' encoding to copy filtered resources.
2023-04-05 00:39:32,955 [Worker-15: Building] INFO  o.e.m.c.i.embedder.EclipseLogger - skip non existing resourceDirectory D:\Program\Projects\CRUD_WEB_APPLICATION\CRUD_WEB_APPLICATION\src\test\resources
2023-04-05 00:40:21,099 [Worker-24: Building] INFO  o.e.m.c.i.embedder.EclipseLogger - Using 'UTF-8' encoding to copy filtered resources.
2023-04-05 00:40:21,099 [Worker-24: Building] INFO  o.e.m.c.i.embedder.EclipseLogger - skip non existing resourceDirectory D:\Program\Projects\CRUD_WEB_APPLICATION\CRUD_WEB_APPLICATION\src\main\resources
2023-04-05 00:40:21,102 [Worker-24: Building] INFO  o.e.m.c.i.embedder.EclipseLogger - Using 'UTF-8' encoding to copy filtered resources.
2023-04-05 00:40:21,102 [Worker-24: Building] INFO  o.e.m.c.i.embedder.EclipseLogger - skip non existing resourceDirectory D:\Program\Projects\CRUD_WEB_APPLICATION\CRUD_WEB_APPLICATION\src\test\resources
2023-04-05 00:40:27,060 [Worker-26: Building] INFO  o.e.m.c.i.embedder.EclipseLogger - Using 'UTF-8' encoding to copy filtered resources.
2023-04-05 00:40:27,061 [Worker-26: Building] INFO  o.e.m.c.i.embedder.EclipseLogger - skip non existing resourceDirectory D:\Program\Projects\CRUD_WEB_APPLICATION\CRUD_WEB_APPLICATION\src\main\resources
2023-04-05 00:40:27,064 [Worker-26: Building] INFO  o.e.m.c.i.embedder.EclipseLogger - Using 'UTF-8' encoding to copy filtered resources.
2023-04-05 00:40:27,064 [Worker-26: Building] INFO  o.e.m.c.i.embedder.EclipseLogger - skip non existing resourceDirectory D:\Program\Projects\CRUD_WEB_APPLICATION\CRUD_WEB_APPLICATION\src\test\resources
2023-04-05 00:41:14,584 [Worker-15: Building] INFO  o.e.m.c.i.embedder.EclipseLogger - Using 'UTF-8' encoding to copy filtered resources.
2023-04-05 00:41:14,585 [Worker-15: Building] INFO  o.e.m.c.i.embedder.EclipseLogger - skip non existing resourceDirectory D:\Program\Projects\CRUD_WEB_APPLICATION\CRUD_WEB_APPLICATION\src\main\resources
2023-04-05 00:41:14,587 [Worker-15: Building] INFO  o.e.m.c.i.embedder.EclipseLogger - Using 'UTF-8' encoding to copy filtered resources.
2023-04-05 00:41:14,587 [Worker-15: Building] INFO  o.e.m.c.i.embedder.EclipseLogger - skip non existing resourceDirectory D:\Program\Projects\CRUD_WEB_APPLICATION\CRUD_WEB_APPLICATION\src\test\resources
2023-04-05 00:41:30,091 [Worker-16: Updating Maven Project] INFO  o.e.m.c.i.p.ProjectConfigurationManager - Update started
2023-04-05 00:41:30,341 [Worker-16: Updating Maven Project] INFO  o.e.m.c.i.l.LifecycleMappingFactory - Using org.maven.ide.eclipse.wtp.WarLifecycleMapping lifecycle mapping for MavenProject: com.Crud:CRUD_WEB_APPLICATION:0.0.1-SNAPSHOT @ D:\Program\Projects\CRUD_WEB_APPLICATION\CRUD_WEB_APPLICATION\pom.xml.
2023-04-05 00:41:30,786 [Worker-16: Updating Maven Project] INFO  o.e.m.j.i.AbstractJavaProjectConfigurator - Adding source folder /CRUD_WEB_APPLICATION/src/main/java
2023-04-05 00:41:30,796 [Worker-16: Updating Maven Project] INFO  o.e.m.j.i.AbstractJavaProjectConfigurator - Adding source folder /CRUD_WEB_APPLICATION/src/test/java
2023-04-05 00:41:31,266 [Worker-16: Updating Maven Project] INFO  o.e.m.w.i.f.ResourceFilteringBuildParticipant - Cleaning filtered folder for CRUD_WEB_APPLICATION
2023-04-05 00:41:31,269 [Worker-16: Updating Maven Project] INFO  o.e.m.c.i.p.ProjectConfigurationManager - Update completed: 1 sec
2023-04-05 00:41:31,430 [Worker-22: Building] INFO  o.e.m.c.i.embedder.EclipseLogger - Using 'UTF-8' encoding to copy filtered resources.
2023-04-05 00:41:31,431 [Worker-22: Building] INFO  o.e.m.c.i.embedder.EclipseLogger - skip non existing resourceDirectory D:\Program\Projects\CRUD_WEB_APPLICATION\CRUD_WEB_APPLICATION\src\main\resources
2023-04-05 00:41:31,437 [Worker-22: Building] INFO  o.e.m.c.i.embedder.EclipseLogger - Using 'UTF-8' encoding to copy filtered resources.
2023-04-05 00:41:31,437 [Worker-22: Building] INFO  o.e.m.c.i.embedder.EclipseLogger - skip non existing resourceDirectory D:\Program\Projects\CRUD_WEB_APPLICATION\CRUD_WEB_APPLICATION\src\test\resources
2023-04-05 00:41:31,437 [Worker-22: Building] INFO  o.e.m.w.i.f.ResourceFilteringBuildParticipant - Changed resources require a complete clean of filtered resources of CRUD_WEB_APPLICATION
2023-04-05 00:41:31,440 [Worker-22: Building] INFO  o.e.m.w.i.f.ResourceFilteringBuildParticipant - Executing resource filtering for CRUD_WEB_APPLICATION
2023-04-05 00:41:31,446 [Worker-22: Building] INFO  o.e.m.c.i.embedder.EclipseLogger - Using 'UTF-8' encoding to copy filtered resources.
2023-04-05 00:43:29,333 [Worker-22: Updating Maven Project] INFO  o.e.m.c.i.p.ProjectConfigurationManager - Update started
2023-04-05 00:43:29,509 [Worker-22: Updating Maven Project] INFO  o.e.m.c.i.l.LifecycleMappingFactory - Using org.maven.ide.eclipse.wtp.WarLifecycleMapping lifecycle mapping for MavenProject: com.Crud:CRUD_WEB_APPLICATION:0.0.1-SNAPSHOT @ D:\Program\Projects\CRUD_WEB_APPLICATION\CRUD_WEB_APPLICATION\pom.xml.
2023-04-05 00:43:29,806 [Worker-22: Updating Maven Project] INFO  o.e.m.j.i.AbstractJavaProjectConfigurator - Adding source folder /CRUD_WEB_APPLICATION/src/main/java
2023-04-05 00:43:29,807 [Worker-22: Updating Maven Project] INFO  o.e.m.j.i.AbstractJavaProjectConfigurator - Adding source folder /CRUD_WEB_APPLICATION/src/test/java
2023-04-05 00:43:30,117 [Worker-22: Updating Maven Project] INFO  o.e.m.w.i.f.ResourceFilteringBuildParticipant - Cleaning filtered folder for CRUD_WEB_APPLICATION
2023-04-05 00:43:30,121 [Worker-22: Updating Maven Project] INFO  o.e.m.c.i.p.ProjectConfigurationManager - Update completed: 0 sec
2023-04-05 00:43:30,283 [Worker-30: Building] INFO  o.e.m.c.i.embedder.EclipseLogger - Using 'UTF-8' encoding to copy filtered resources.
2023-04-05 00:43:30,283 [Worker-30: Building] INFO  o.e.m.c.i.embedder.EclipseLogger - skip non existing resourceDirectory D:\Program\Projects\CRUD_WEB_APPLICATION\CRUD_WEB_APPLICATION\src\main\resources
2023-04-05 00:43:30,286 [Worker-30: Building] INFO  o.e.m.c.i.embedder.EclipseLogger - Using 'UTF-8' encoding to copy filtered resources.
2023-04-05 00:43:30,286 [Worker-30: Building] INFO  o.e.m.c.i.embedder.EclipseLogger - skip non existing resourceDirectory D:\Program\Projects\CRUD_WEB_APPLICATION\CRUD_WEB_APPLICATION\src\test\resources
2023-04-05 00:43:30,286 [Worker-30: Building] INFO  o.e.m.w.i.f.ResourceFilteringBuildParticipant - Changed resources require a complete clean of filtered resources of CRUD_WEB_APPLICATION
2023-04-05 00:43:30,287 [Worker-30: Building] INFO  o.e.m.w.i.f.ResourceFilteringBuildParticipant - Executing resource filtering for CRUD_WEB_APPLICATION
2023-04-05 00:43:30,290 [Worker-30: Building] INFO  o.e.m.c.i.embedder.EclipseLogger - Using 'UTF-8' encoding to copy filtered resources.
2023-04-05 00:45:05,968 [Worker-28: Building] INFO  o.e.m.c.i.embedder.EclipseLogger - Using 'UTF-8' encoding to copy filtered resources.
2023-04-05 00:45:05,968 [Worker-28: Building] INFO  o.e.m.c.i.embedder.EclipseLogger - skip non existing resourceDirectory D:\Program\Projects\CRUD_WEB_APPLICATION\CRUD_WEB_APPLICATION\src\main\resources
2023-04-05 00:45:05,970 [Worker-28: Building] INFO  o.e.m.c.i.embedder.EclipseLogger - Using 'UTF-8' encoding to copy filtered resources.
2023-04-05 00:45:05,970 [Worker-28: Building] INFO  o.e.m.c.i.embedder.EclipseLogger - skip non existing resourceDirectory D:\Program\Projects\CRUD_WEB_APPLICATION\CRUD_WEB_APPLICATION\src\test\resources
2023-04-05 00:45:42,481 [Worker-32: Building] INFO  o.e.m.c.i.embedder.EclipseLogger - Using 'UTF-8' encoding to copy filtered resources.
2023-04-05 00:45:42,481 [Worker-32: Building] INFO  o.e.m.c.i.embedder.EclipseLogger - skip non existing resourceDirectory D:\Program\Projects\CRUD_WEB_APPLICATION\CRUD_WEB_APPLICATION\src\main\resources
2023-04-05 00:45:42,482 [Worker-32: Building] INFO  o.e.m.c.i.embedder.EclipseLogger - Using 'UTF-8' encoding to copy filtered resources.
2023-04-05 00:45:42,483 [Worker-32: Building] INFO  o.e.m.c.i.embedder.EclipseLogger - skip non existing resourceDirectory D:\Program\Projects\CRUD_WEB_APPLICATION\CRUD_WEB_APPLICATION\src\test\resources
2023-04-05 00:47:21,802 [Worker-34: Building] INFO  o.e.m.c.i.embedder.EclipseLogger - Using 'UTF-8' encoding to copy filtered resources.
2023-04-05 00:47:21,802 [Worker-34: Building] INFO  o.e.m.c.i.embedder.EclipseLogger - skip non existing resourceDirectory D:\Program\Projects\CRUD_WEB_APPLICATION\CRUD_WEB_APPLICATION\src\main\resources
2023-04-05 00:47:21,805 [Worker-34: Building] INFO  o.e.m.c.i.embedder.EclipseLogger - Using 'UTF-8' encoding to copy filtered resources.
2023-04-05 00:47:21,805 [Worker-34: Building] INFO  o.e.m.c.i.embedder.EclipseLogger - skip non existing resourceDirectory D:\Program\Projects\CRUD_WEB_APPLICATION\CRUD_WEB_APPLICATION\src\test\resources
2023-04-05 00:47:24,923 [Worker-25: Building] INFO  o.e.m.c.i.embedder.EclipseLogger - Using 'UTF-8' encoding to copy filtered resources.
2023-04-05 00:47:24,923 [Worker-25: Building] INFO  o.e.m.c.i.embedder.EclipseLogger - skip non existing resourceDirectory D:\Program\Projects\CRUD_WEB_APPLICATION\CRUD_WEB_APPLICATION\src\main\resources
2023-04-05 00:47:24,924 [Worker-25: Building] INFO  o.e.m.c.i.embedder.EclipseLogger - Using 'UTF-8' encoding to copy filtered resources.
2023-04-05 00:47:24,924 [Worker-25: Building] INFO  o.e.m.c.i.embedder.EclipseLogger - skip non existing resourceDirectory D:\Program\Projects\CRUD_WEB_APPLICATION\CRUD_WEB_APPLICATION\src\test\resources
2023-04-05 00:47:30,940 [Worker-36: Building] INFO  o.e.m.c.i.embedder.EclipseLogger - Using 'UTF-8' encoding to copy filtered resources.
2023-04-05 00:47:30,940 [Worker-36: Building] INFO  o.e.m.c.i.embedder.EclipseLogger - skip non existing resourceDirectory D:\Program\Projects\CRUD_WEB_APPLICATION\CRUD_WEB_APPLICATION\src\main\resources
2023-04-05 00:47:30,942 [Worker-36: Building] INFO  o.e.m.c.i.embedder.EclipseLogger - Using 'UTF-8' encoding to copy filtered resources.
2023-04-05 00:47:30,943 [Worker-36: Building] INFO  o.e.m.c.i.embedder.EclipseLogger - skip non existing resourceDirectory D:\Program\Projects\CRUD_WEB_APPLICATION\CRUD_WEB_APPLICATION\src\test\resources
2023-04-05 00:47:54,650 [Worker-37: Updating Maven Project] INFO  o.e.m.c.i.p.ProjectConfigurationManager - Update started
2023-04-05 00:47:54,846 [Worker-37: Updating Maven Project] INFO  o.e.m.c.i.l.LifecycleMappingFactory - Using org.maven.ide.eclipse.wtp.WarLifecycleMapping lifecycle mapping for MavenProject: com.Crud:CRUD_WEB_APPLICATION:0.0.1-SNAPSHOT @ D:\Program\Projects\CRUD_WEB_APPLICATION\CRUD_WEB_APPLICATION\pom.xml.
2023-04-05 00:47:55,143 [Worker-37: Updating Maven Project] INFO  o.e.m.j.i.AbstractJavaProjectConfigurator - Adding source folder /CRUD_WEB_APPLICATION/src/main/java
2023-04-05 00:47:55,144 [Worker-37: Updating Maven Project] INFO  o.e.m.j.i.AbstractJavaProjectConfigurator - Adding source folder /CRUD_WEB_APPLICATION/src/test/java
2023-04-05 00:47:55,670 [Worker-37: Updating Maven Project] INFO  o.e.m.w.i.f.ResourceFilteringBuildParticipant - Cleaning filtered folder for CRUD_WEB_APPLICATION
2023-04-05 00:47:55,673 [Worker-37: Updating Maven Project] INFO  o.e.m.c.i.p.ProjectConfigurationManager - Update completed: 1 sec
2023-04-05 00:47:55,834 [Worker-34: Building] INFO  o.e.m.c.i.embedder.EclipseLogger - Using 'UTF-8' encoding to copy filtered resources.
2023-04-05 00:47:55,834 [Worker-34: Building] INFO  o.e.m.c.i.embedder.EclipseLogger - skip non existing resourceDirectory D:\Program\Projects\CRUD_WEB_APPLICATION\CRUD_WEB_APPLICATION\src\main\resources
2023-04-05 00:47:55,836 [Worker-34: Building] INFO  o.e.m.c.i.embedder.EclipseLogger - Using 'UTF-8' encoding to copy filtered resources.
2023-04-05 00:47:55,837 [Worker-34: Building] INFO  o.e.m.c.i.embedder.EclipseLogger - skip non existing resourceDirectory D:\Program\Projects\CRUD_WEB_APPLICATION\CRUD_WEB_APPLICATION\src\test\resources
2023-04-05 00:47:55,837 [Worker-34: Building] INFO  o.e.m.w.i.f.ResourceFilteringBuildParticipant - Changed resources require a complete clean of filtered resources of CRUD_WEB_APPLICATION
2023-04-05 00:47:55,837 [Worker-34: Building] INFO  o.e.m.w.i.f.ResourceFilteringBuildParticipant - Executing resource filtering for CRUD_WEB_APPLICATION
2023-04-05 00:47:55,840 [Worker-34: Building] INFO  o.e.m.c.i.embedder.EclipseLogger - Using 'UTF-8' encoding to copy filtered resources.
2023-04-05 00:48:06,762 [Worker-25: Updating Maven Project] INFO  o.e.m.c.i.p.ProjectConfigurationManager - Update started
2023-04-05 00:48:06,934 [Worker-25: Updating Maven Project] INFO  o.e.m.c.i.l.LifecycleMappingFactory - Using org.maven.ide.eclipse.wtp.WarLifecycleMapping lifecycle mapping for MavenProject: com.Crud:CRUD_WEB_APPLICATION:0.0.1-SNAPSHOT @ D:\Program\Projects\CRUD_WEB_APPLICATION\CRUD_WEB_APPLICATION\pom.xml.
2023-04-05 00:48:07,179 [Worker-25: Updating Maven Project] INFO  o.e.m.j.i.AbstractJavaProjectConfigurator - Adding source folder /CRUD_WEB_APPLICATION/src/main/java
2023-04-05 00:48:07,179 [Worker-25: Updating Maven Project] INFO  o.e.m.j.i.AbstractJavaProjectConfigurator - Adding source folder /CRUD_WEB_APPLICATION/src/test/java
2023-04-05 00:48:07,411 [Worker-25: Updating Maven Project] INFO  o.e.m.w.i.f.ResourceFilteringBuildParticipant - Cleaning filtered folder for CRUD_WEB_APPLICATION
2023-04-05 00:48:07,417 [Worker-25: Updating Maven Project] INFO  o.e.m.c.i.p.ProjectConfigurationManager - Update completed: 0 sec
2023-04-05 00:48:07,559 [Worker-36: Building] INFO  o.e.m.c.i.embedder.EclipseLogger - Using 'UTF-8' encoding to copy filtered resources.
2023-04-05 00:48:07,559 [Worker-36: Building] INFO  o.e.m.c.i.embedder.EclipseLogger - skip non existing resourceDirectory D:\Program\Projects\CRUD_WEB_APPLICATION\CRUD_WEB_APPLICATION\src\main\resources
2023-04-05 00:48:07,562 [Worker-36: Building] INFO  o.e.m.c.i.embedder.EclipseLogger - Using 'UTF-8' encoding to copy filtered resources.
2023-04-05 00:48:07,562 [Worker-36: Building] INFO  o.e.m.c.i.embedder.EclipseLogger - skip non existing resourceDirectory D:\Program\Projects\CRUD_WEB_APPLICATION\CRUD_WEB_APPLICATION\src\test\resources
2023-04-05 00:48:07,562 [Worker-36: Building] INFO  o.e.m.w.i.f.ResourceFilteringBuildParticipant - Changed resources require a complete clean of filtered resources of CRUD_WEB_APPLICATION
2023-04-05 00:48:07,562 [Worker-36: Building] INFO  o.e.m.w.i.f.ResourceFilteringBuildParticipant - Executing resource filtering for CRUD_WEB_APPLICATION
2023-04-05 00:48:07,567 [Worker-36: Building] INFO  o.e.m.c.i.embedder.EclipseLogger - Using 'UTF-8' encoding to copy filtered resources.
2023-04-05 00:51:08,275 [Worker-36: Building] INFO  o.e.m.c.i.embedder.EclipseLogger - Using 'UTF-8' encoding to copy filtered resources.
2023-04-05 00:51:08,275 [Worker-36: Building] INFO  o.e.m.c.i.embedder.EclipseLogger - skip non existing resourceDirectory D:\Program\Projects\CRUD_WEB_APPLICATION\CRUD_WEB_APPLICATION\src\main\resources
2023-04-05 00:51:08,277 [Worker-36: Building] INFO  o.e.m.c.i.embedder.EclipseLogger - Using 'UTF-8' encoding to copy filtered resources.
2023-04-05 00:51:08,277 [Worker-36: Building] INFO  o.e.m.c.i.embedder.EclipseLogger - skip non existing resourceDirectory D:\Program\Projects\CRUD_WEB_APPLICATION\CRUD_WEB_APPLICATION\src\test\resources
2023-04-05 00:52:21,047 [Worker-38: Building] INFO  o.e.m.c.i.embedder.EclipseLogger - Using 'UTF-8' encoding to copy filtered resources.
2023-04-05 00:52:21,047 [Worker-38: Building] INFO  o.e.m.c.i.embedder.EclipseLogger - skip non existing resourceDirectory D:\Program\Projects\CRUD_WEB_APPLICATION\CRUD_WEB_APPLICATION\src\main\resources
2023-04-05 00:52:21,049 [Worker-38: Building] INFO  o.e.m.c.i.embedder.EclipseLogger - Using 'UTF-8' encoding to copy filtered resources.
2023-04-05 00:52:21,049 [Worker-38: Building] INFO  o.e.m.c.i.embedder.EclipseLogger - skip non existing resourceDirectory D:\Program\Projects\CRUD_WEB_APPLICATION\CRUD_WEB_APPLICATION\src\test\resources
2023-04-05 00:52:22,252 [Worker-40: Building] INFO  o.e.m.c.i.embedder.EclipseLogger - Using 'UTF-8' encoding to copy filtered resources.
2023-04-05 00:52:22,252 [Worker-40: Building] INFO  o.e.m.c.i.embedder.EclipseLogger - skip non existing resourceDirectory D:\Program\Projects\CRUD_WEB_APPLICATION\CRUD_WEB_APPLICATION\src\main\resources
2023-04-05 00:52:22,255 [Worker-40: Building] INFO  o.e.m.c.i.embedder.EclipseLogger - Using 'UTF-8' encoding to copy filtered resources.
2023-04-05 00:52:22,256 [Worker-40: Building] INFO  o.e.m.c.i.embedder.EclipseLogger - skip non existing resourceDirectory D:\Program\Projects\CRUD_WEB_APPLICATION\CRUD_WEB_APPLICATION\src\test\resources
2023-04-05 00:53:15,293 [Worker-39: Building] INFO  o.e.m.c.i.embedder.EclipseLogger - Using 'UTF-8' encoding to copy filtered resources.
2023-04-05 00:53:15,293 [Worker-39: Building] INFO  o.e.m.c.i.embedder.EclipseLogger - skip non existing resourceDirectory D:\Program\Projects\CRUD_WEB_APPLICATION\CRUD_WEB_APPLICATION\src\main\resources
2023-04-05 00:53:15,294 [Worker-39: Building] INFO  o.e.m.c.i.embedder.EclipseLogger - Using 'UTF-8' encoding to copy filtered resources.
2023-04-05 00:53:15,294 [Worker-39: Building] INFO  o.e.m.c.i.embedder.EclipseLogger - skip non existing resourceDirectory D:\Program\Projects\CRUD_WEB_APPLICATION\CRUD_WEB_APPLICATION\src\test\resources
2023-04-05 00:53:55,967 [Worker-41: Building] INFO  o.e.m.c.i.embedder.EclipseLogger - Using 'UTF-8' encoding to copy filtered resources.
2023-04-05 00:53:55,968 [Worker-41: Building] INFO  o.e.m.c.i.embedder.EclipseLogger - skip non existing resourceDirectory D:\Program\Projects\CRUD_WEB_APPLICATION\CRUD_WEB_APPLICATION\src\main\resources
2023-04-05 00:53:55,969 [Worker-41: Building] INFO  o.e.m.c.i.embedder.EclipseLogger - Using 'UTF-8' encoding to copy filtered resources.
2023-04-05 00:53:55,970 [Worker-41: Building] INFO  o.e.m.c.i.embedder.EclipseLogger - skip non existing resourceDirectory D:\Program\Projects\CRUD_WEB_APPLICATION\CRUD_WEB_APPLICATION\src\test\resources
2023-04-05 00:53:59,910 [Worker-41: Building] INFO  o.e.m.c.i.embedder.EclipseLogger - Using 'UTF-8' encoding to copy filtered resources.
2023-04-05 00:53:59,910 [Worker-41: Building] INFO  o.e.m.c.i.embedder.EclipseLogger - skip non existing resourceDirectory D:\Program\Projects\CRUD_WEB_APPLICATION\CRUD_WEB_APPLICATION\src\main\resources
2023-04-05 00:53:59,911 [Worker-41: Building] INFO  o.e.m.c.i.embedder.EclipseLogger - Using 'UTF-8' encoding to copy filtered resources.
2023-04-05 00:53:59,912 [Worker-41: Building] INFO  o.e.m.c.i.embedder.EclipseLogger - skip non existing resourceDirectory D:\Program\Projects\CRUD_WEB_APPLICATION\CRUD_WEB_APPLICATION\src\test\resources
2023-04-05 00:54:19,801 [Worker-40: Building] INFO  o.e.m.c.i.embedder.EclipseLogger - Using 'UTF-8' encoding to copy filtered resources.
2023-04-05 00:54:19,801 [Worker-40: Building] INFO  o.e.m.c.i.embedder.EclipseLogger - skip non existing resourceDirectory D:\Program\Projects\CRUD_WEB_APPLICATION\CRUD_WEB_APPLICATION\src\main\resources
2023-04-05 00:54:19,803 [Worker-40: Building] INFO  o.e.m.c.i.embedder.EclipseLogger - Using 'UTF-8' encoding to copy filtered resources.
2023-04-05 00:54:19,803 [Worker-40: Building] INFO  o.e.m.c.i.embedder.EclipseLogger - skip non existing resourceDirectory D:\Program\Projects\CRUD_WEB_APPLICATION\CRUD_WEB_APPLICATION\src\test\resources
2023-04-05 00:54:34,612 [Worker-40: Updating Maven Project] INFO  o.e.m.c.i.p.ProjectConfigurationManager - Update started
2023-04-05 00:54:34,797 [Worker-40: Updating Maven Project] INFO  o.e.m.c.i.l.LifecycleMappingFactory - Using org.maven.ide.eclipse.wtp.WarLifecycleMapping lifecycle mapping for MavenProject: com.Crud:CRUD_WEB_APPLICATION:0.0.1-SNAPSHOT @ D:\Program\Projects\CRUD_WEB_APPLICATION\CRUD_WEB_APPLICATION\pom.xml.
2023-04-05 00:54:35,006 [Worker-40: Updating Maven Project] INFO  o.e.m.j.i.AbstractJavaProjectConfigurator - Adding source folder /CRUD_WEB_APPLICATION/src/main/java
2023-04-05 00:54:35,006 [Worker-40: Updating Maven Project] INFO  o.e.m.j.i.AbstractJavaProjectConfigurator - Adding source folder /CRUD_WEB_APPLICATION/src/test/java
2023-04-05 00:54:35,517 [Worker-40: Updating Maven Project] INFO  o.e.m.w.i.f.ResourceFilteringBuildParticipant - Cleaning filtered folder for CRUD_WEB_APPLICATION
2023-04-05 00:54:35,522 [Worker-40: Updating Maven Project] INFO  o.e.m.c.i.p.ProjectConfigurationManager - Update completed: 0 sec
2023-04-05 00:54:35,726 [Worker-40: Building] INFO  o.e.m.c.i.embedder.EclipseLogger - Using 'UTF-8' encoding to copy filtered resources.
2023-04-05 00:54:35,726 [Worker-40: Building] INFO  o.e.m.c.i.embedder.EclipseLogger - skip non existing resourceDirectory D:\Program\Projects\CRUD_WEB_APPLICATION\CRUD_WEB_APPLICATION\src\main\resources
2023-04-05 00:54:35,727 [Worker-40: Building] INFO  o.e.m.c.i.embedder.EclipseLogger - Using 'UTF-8' encoding to copy filtered resources.
2023-04-05 00:54:35,727 [Worker-40: Building] INFO  o.e.m.c.i.embedder.EclipseLogger - skip non existing resourceDirectory D:\Program\Projects\CRUD_WEB_APPLICATION\CRUD_WEB_APPLICATION\src\test\resources
2023-04-05 00:54:35,729 [Worker-40: Building] INFO  o.e.m.w.i.f.ResourceFilteringBuildParticipant - Changed resources require a complete clean of filtered resources of CRUD_WEB_APPLICATION
2023-04-05 00:54:35,729 [Worker-40: Building] INFO  o.e.m.w.i.f.ResourceFilteringBuildParticipant - Executing resource filtering for CRUD_WEB_APPLICATION
2023-04-05 00:54:35,732 [Worker-40: Building] INFO  o.e.m.c.i.embedder.EclipseLogger - Using 'UTF-8' encoding to copy filtered resources.
2023-04-05 00:55:05,555 [Worker-39: Building] INFO  o.e.m.c.i.embedder.EclipseLogger - Using 'UTF-8' encoding to copy filtered resources.
2023-04-05 00:55:05,555 [Worker-39: Building] INFO  o.e.m.c.i.embedder.EclipseLogger - skip non existing resourceDirectory D:\Program\Projects\CRUD_WEB_APPLICATION\CRUD_WEB_APPLICATION\src\main\resources
2023-04-05 00:55:05,556 [Worker-39: Building] INFO  o.e.m.c.i.embedder.EclipseLogger - Using 'UTF-8' encoding to copy filtered resources.
2023-04-05 00:55:05,557 [Worker-39: Building] INFO  o.e.m.c.i.embedder.EclipseLogger - skip non existing resourceDirectory D:\Program\Projects\CRUD_WEB_APPLICATION\CRUD_WEB_APPLICATION\src\test\resources
2023-04-05 00:55:51,399 [Worker-38: Building] INFO  o.e.m.c.i.embedder.EclipseLogger - Using 'UTF-8' encoding to copy filtered resources.
2023-04-05 00:55:51,399 [Worker-38: Building] INFO  o.e.m.c.i.embedder.EclipseLogger - skip non existing resourceDirectory D:\Program\Projects\CRUD_WEB_APPLICATION\CRUD_WEB_APPLICATION\src\main\resources
2023-04-05 00:55:51,401 [Worker-38: Building] INFO  o.e.m.c.i.embedder.EclipseLogger - Using 'UTF-8' encoding to copy filtered resources.
2023-04-05 00:55:51,401 [Worker-38: Building] INFO  o.e.m.c.i.embedder.EclipseLogger - skip non existing resourceDirectory D:\Program\Projects\CRUD_WEB_APPLICATION\CRUD_WEB_APPLICATION\src\test\resources
2023-04-05 00:56:13,217 [Worker-42: Building] INFO  o.e.m.c.i.embedder.EclipseLogger - Using 'UTF-8' encoding to copy filtered resources.
2023-04-05 00:56:13,217 [Worker-42: Building] INFO  o.e.m.c.i.embedder.EclipseLogger - skip non existing resourceDirectory D:\Program\Projects\CRUD_WEB_APPLICATION\CRUD_WEB_APPLICATION\src\main\resources
2023-04-05 00:56:13,219 [Worker-42: Building] INFO  o.e.m.c.i.embedder.EclipseLogger - Using 'UTF-8' encoding to copy filtered resources.
2023-04-05 00:56:13,219 [Worker-42: Building] INFO  o.e.m.c.i.embedder.EclipseLogger - skip non existing resourceDirectory D:\Program\Projects\CRUD_WEB_APPLICATION\CRUD_WEB_APPLICATION\src\test\resources
2023-04-05 00:58:32,097 [Worker-1: Loading available Gradle versions] INFO  o.e.b.c.i.u.g.PublishedGradleVersions - Gradle version information cache is up-to-date. Trying to read.
2023-04-05 00:58:34,184 [Worker-9: Building] INFO  o.e.m.c.i.embedder.EclipseLogger - Using 'UTF-8' encoding to copy filtered resources.
2023-04-05 00:58:34,185 [Worker-9: Building] INFO  o.e.m.c.i.embedder.EclipseLogger - skip non existing resourceDirectory D:\Program\Projects\CRUD_WEB_APPLICATION\CRUD_WEB_APPLICATION\src\main\resources
2023-04-05 00:58:34,191 [Worker-9: Building] INFO  o.e.m.c.i.embedder.EclipseLogger - Using 'UTF-8' encoding to copy filtered resources.
2023-04-05 00:58:34,191 [Worker-9: Building] INFO  o.e.m.c.i.embedder.EclipseLogger - skip non existing resourceDirectory D:\Program\Projects\CRUD_WEB_APPLICATION\CRUD_WEB_APPLICATION\src\test\resources
2023-04-05 01:08:11,376 [Worker-22: Building] INFO  o.e.m.c.i.embedder.EclipseLogger - Using 'UTF-8' encoding to copy filtered resources.
2023-04-05 01:08:11,377 [Worker-22: Building] INFO  o.e.m.c.i.embedder.EclipseLogger - skip non existing resourceDirectory D:\Program\Projects\CRUD_WEB_APPLICATION\CRUD_WEB_APPLICATION\src\main\resources
2023-04-05 01:08:11,379 [Worker-22: Building] INFO  o.e.m.c.i.embedder.EclipseLogger - Using 'UTF-8' encoding to copy filtered resources.
2023-04-05 01:08:11,379 [Worker-22: Building] INFO  o.e.m.c.i.embedder.EclipseLogger - skip non existing resourceDirectory D:\Program\Projects\CRUD_WEB_APPLICATION\CRUD_WEB_APPLICATION\src\test\resources
2023-04-05 01:11:15,931 [Worker-25: Building] INFO  o.e.m.c.i.embedder.EclipseLogger - Using 'UTF-8' encoding to copy filtered resources.
2023-04-05 01:11:15,931 [Worker-25: Building] INFO  o.e.m.c.i.embedder.EclipseLogger - skip non existing resourceDirectory D:\Program\Projects\CRUD_WEB_APPLICATION\CRUD_WEB_APPLICATION\src\main\resources
2023-04-05 01:11:15,933 [Worker-25: Building] INFO  o.e.m.c.i.embedder.EclipseLogger - Using 'UTF-8' encoding to copy filtered resources.
2023-04-05 01:11:15,933 [Worker-25: Building] INFO  o.e.m.c.i.embedder.EclipseLogger - skip non existing resourceDirectory D:\Program\Projects\CRUD_WEB_APPLICATION\CRUD_WEB_APPLICATION\src\test\resources
2023-04-05 01:12:36,578 [Worker-29: Building] INFO  o.e.m.c.i.embedder.EclipseLogger - Using 'UTF-8' encoding to copy filtered resources.
2023-04-05 01:12:36,578 [Worker-29: Building] INFO  o.e.m.c.i.embedder.EclipseLogger - skip non existing resourceDirectory D:\Program\Projects\CRUD_WEB_APPLICATION\CRUD_WEB_APPLICATION\src\main\resources
2023-04-05 01:12:36,583 [Worker-29: Building] INFO  o.e.m.c.i.embedder.EclipseLogger - Using 'UTF-8' encoding to copy filtered resources.
2023-04-05 01:12:36,584 [Worker-29: Building] INFO  o.e.m.c.i.embedder.EclipseLogger - skip non existing resourceDirectory D:\Program\Projects\CRUD_WEB_APPLICATION\CRUD_WEB_APPLICATION\src\test\resources
2023-04-05 01:13:35,106 [Worker-20: Building] INFO  o.e.m.c.i.embedder.EclipseLogger - Using 'UTF-8' encoding to copy filtered resources.
2023-04-05 01:13:35,106 [Worker-20: Building] INFO  o.e.m.c.i.embedder.EclipseLogger - skip non existing resourceDirectory D:\Program\Projects\CRUD_WEB_APPLICATION\CRUD_WEB_APPLICATION\src\main\resources
2023-04-05 01:13:35,108 [Worker-20: Building] INFO  o.e.m.c.i.embedder.EclipseLogger - Using 'UTF-8' encoding to copy filtered resources.
2023-04-05 01:13:35,108 [Worker-20: Building] INFO  o.e.m.c.i.embedder.EclipseLogger - skip non existing resourceDirectory D:\Program\Projects\CRUD_WEB_APPLICATION\CRUD_WEB_APPLICATION\src\test\resources
2023-04-05 01:15:20,065 [Worker-20: Building] INFO  o.e.m.c.i.l.LifecycleMappingFactory - Using org.maven.ide.eclipse.wtp.WarLifecycleMapping lifecycle mapping for MavenProject: com.Crud:CRUD_WEB_APPLICATION:0.0.1-SNAPSHOT @ D:\Program\Projects\CRUD_WEB_APPLICATION\CRUD_WEB_APPLICATION\pom.xml.
2023-04-05 01:15:20,873 [Worker-20: Building] INFO  o.e.m.c.i.embedder.EclipseLogger - Using 'UTF-8' encoding to copy filtered resources.
2023-04-05 01:15:20,873 [Worker-20: Building] INFO  o.e.m.c.i.embedder.EclipseLogger - skip non existing resourceDirectory D:\Program\Projects\CRUD_WEB_APPLICATION\CRUD_WEB_APPLICATION\src\main\resources
2023-04-05 01:15:20,879 [Worker-20: Building] INFO  o.e.m.c.i.embedder.EclipseLogger - Using 'UTF-8' encoding to copy filtered resources.
2023-04-05 01:15:20,879 [Worker-20: Building] INFO  o.e.m.c.i.embedder.EclipseLogger - skip non existing resourceDirectory D:\Program\Projects\CRUD_WEB_APPLICATION\CRUD_WEB_APPLICATION\src\test\resources
2023-04-05 01:15:20,880 [Worker-20: Building] INFO  o.e.m.w.i.f.ResourceFilteringBuildParticipant - Changed resources require a complete clean of filtered resources of CRUD_WEB_APPLICATION
2023-04-05 01:15:20,880 [Worker-20: Building] INFO  o.e.m.w.i.f.ResourceFilteringBuildParticipant - Executing resource filtering for CRUD_WEB_APPLICATION
2023-04-05 01:15:20,888 [Worker-20: Building] INFO  o.e.m.c.i.embedder.EclipseLogger - Using 'UTF-8' encoding to copy filtered resources.
2023-04-05 01:15:57,155 [Worker-30: Building] INFO  o.e.m.c.i.l.LifecycleMappingFactory - Using org.maven.ide.eclipse.wtp.WarLifecycleMapping lifecycle mapping for MavenProject: com.Crud:CRUD_WEB_APPLICATION:0.0.1-SNAPSHOT @ D:\Program\Projects\CRUD_WEB_APPLICATION\CRUD_WEB_APPLICATION\pom.xml.
2023-04-05 01:15:57,588 [Worker-30: Building] INFO  o.e.m.c.i.embedder.EclipseLogger - Using 'UTF-8' encoding to copy filtered resources.
2023-04-05 01:15:57,588 [Worker-30: Building] INFO  o.e.m.c.i.embedder.EclipseLogger - skip non existing resourceDirectory D:\Program\Projects\CRUD_WEB_APPLICATION\CRUD_WEB_APPLICATION\src\main\resources
2023-04-05 01:15:57,592 [Worker-30: Building] INFO  o.e.m.c.i.embedder.EclipseLogger - Using 'UTF-8' encoding to copy filtered resources.
2023-04-05 01:15:57,592 [Worker-30: Building] INFO  o.e.m.c.i.embedder.EclipseLogger - skip non existing resourceDirectory D:\Program\Projects\CRUD_WEB_APPLICATION\CRUD_WEB_APPLICATION\src\test\resources
2023-04-05 01:15:57,592 [Worker-30: Building] INFO  o.e.m.w.i.f.ResourceFilteringBuildParticipant - Changed resources require a complete clean of filtered resources of CRUD_WEB_APPLICATION
2023-04-05 01:15:57,592 [Worker-30: Building] INFO  o.e.m.w.i.f.ResourceFilteringBuildParticipant - Executing resource filtering for CRUD_WEB_APPLICATION
2023-04-05 01:15:57,596 [Worker-30: Building] INFO  o.e.m.c.i.embedder.EclipseLogger - Using 'UTF-8' encoding to copy filtered resources.
2023-04-05 01:15:58,770 [Worker-30: Building] INFO  o.e.m.c.i.embedder.EclipseLogger - Using 'UTF-8' encoding to copy filtered resources.
2023-04-05 01:15:58,770 [Worker-30: Building] INFO  o.e.m.c.i.embedder.EclipseLogger - skip non existing resourceDirectory D:\Program\Projects\CRUD_WEB_APPLICATION\CRUD_WEB_APPLICATION\src\main\resources
2023-04-05 01:15:58,772 [Worker-30: Building] INFO  o.e.m.c.i.embedder.EclipseLogger - Using 'UTF-8' encoding to copy filtered resources.
2023-04-05 01:15:58,772 [Worker-30: Building] INFO  o.e.m.c.i.embedder.EclipseLogger - skip non existing resourceDirectory D:\Program\Projects\CRUD_WEB_APPLICATION\CRUD_WEB_APPLICATION\src\test\resources
2023-04-05 01:20:53,427 [Worker-20: Building] INFO  o.e.m.c.i.embedder.EclipseLogger - Using 'UTF-8' encoding to copy filtered resources.
2023-04-05 01:20:53,427 [Worker-20: Building] INFO  o.e.m.c.i.embedder.EclipseLogger - skip non existing resourceDirectory D:\Program\Projects\CRUD_WEB_APPLICATION\CRUD_WEB_APPLICATION\src\main\resources
2023-04-05 01:20:53,429 [Worker-20: Building] INFO  o.e.m.c.i.embedder.EclipseLogger - Using 'UTF-8' encoding to copy filtered resources.
2023-04-05 01:20:53,430 [Worker-20: Building] INFO  o.e.m.c.i.embedder.EclipseLogger - skip non existing resourceDirectory D:\Program\Projects\CRUD_WEB_APPLICATION\CRUD_WEB_APPLICATION\src\test\resources
2023-04-05 01:21:10,580 [Worker-34: Building] INFO  o.e.m.c.i.embedder.EclipseLogger - Using 'UTF-8' encoding to copy filtered resources.
2023-04-05 01:21:10,581 [Worker-34: Building] INFO  o.e.m.c.i.embedder.EclipseLogger - skip non existing resourceDirectory D:\Program\Projects\CRUD_WEB_APPLICATION\CRUD_WEB_APPLICATION\src\main\resources
2023-04-05 01:21:10,584 [Worker-34: Building] INFO  o.e.m.c.i.embedder.EclipseLogger - Using 'UTF-8' encoding to copy filtered resources.
2023-04-05 01:21:10,584 [Worker-34: Building] INFO  o.e.m.c.i.embedder.EclipseLogger - skip non existing resourceDirectory D:\Program\Projects\CRUD_WEB_APPLICATION\CRUD_WEB_APPLICATION\src\test\resources
2023-04-05 01:24:20,910 [Worker-34: Building] INFO  o.e.m.c.i.embedder.EclipseLogger - Using 'UTF-8' encoding to copy filtered resources.
2023-04-05 01:24:20,910 [Worker-34: Building] INFO  o.e.m.c.i.embedder.EclipseLogger - skip non existing resourceDirectory D:\Program\Projects\CRUD_WEB_APPLICATION\CRUD_WEB_APPLICATION\src\main\resources
2023-04-05 01:24:20,912 [Worker-34: Building] INFO  o.e.m.c.i.embedder.EclipseLogger - Using 'UTF-8' encoding to copy filtered resources.
2023-04-05 01:24:20,913 [Worker-34: Building] INFO  o.e.m.c.i.embedder.EclipseLogger - skip non existing resourceDirectory D:\Program\Projects\CRUD_WEB_APPLICATION\CRUD_WEB_APPLICATION\src\test\resources
2023-04-05 01:24:30,415 [Worker-20: Building] INFO  o.e.m.c.i.embedder.EclipseLogger - Using 'UTF-8' encoding to copy filtered resources.
2023-04-05 01:24:30,415 [Worker-20: Building] INFO  o.e.m.c.i.embedder.EclipseLogger - skip non existing resourceDirectory D:\Program\Projects\CRUD_WEB_APPLICATION\CRUD_WEB_APPLICATION\src\main\resources
2023-04-05 01:24:30,416 [Worker-20: Building] INFO  o.e.m.c.i.embedder.EclipseLogger - Using 'UTF-8' encoding to copy filtered resources.
2023-04-05 01:24:30,417 [Worker-20: Building] INFO  o.e.m.c.i.embedder.EclipseLogger - skip non existing resourceDirectory D:\Program\Projects\CRUD_WEB_APPLICATION\CRUD_WEB_APPLICATION\src\test\resources
2023-04-05 01:31:18,259 [Worker-39: Building] INFO  o.e.m.c.i.embedder.EclipseLogger - Using 'UTF-8' encoding to copy filtered resources.
2023-04-05 01:31:18,260 [Worker-39: Building] INFO  o.e.m.c.i.embedder.EclipseLogger - skip non existing resourceDirectory D:\Program\Projects\CRUD_WEB_APPLICATION\CRUD_WEB_APPLICATION\src\main\resources
2023-04-05 01:31:18,261 [Worker-39: Building] INFO  o.e.m.c.i.embedder.EclipseLogger - Using 'UTF-8' encoding to copy filtered resources.
2023-04-05 01:31:18,261 [Worker-39: Building] INFO  o.e.m.c.i.embedder.EclipseLogger - skip non existing resourceDirectory D:\Program\Projects\CRUD_WEB_APPLICATION\CRUD_WEB_APPLICATION\src\test\resources
2023-04-05 01:39:57,116 [Worker-40: Building] INFO  o.e.m.c.i.embedder.EclipseLogger - Using 'UTF-8' encoding to copy filtered resources.
2023-04-05 01:39:57,117 [Worker-40: Building] INFO  o.e.m.c.i.embedder.EclipseLogger - skip non existing resourceDirectory D:\Program\Projects\CRUD_WEB_APPLICATION\CRUD_WEB_APPLICATION\src\main\resources
2023-04-05 01:39:57,120 [Worker-40: Building] INFO  o.e.m.c.i.embedder.EclipseLogger - Using 'UTF-8' encoding to copy filtered resources.
2023-04-05 01:39:57,120 [Worker-40: Building] INFO  o.e.m.c.i.embedder.EclipseLogger - skip non existing resourceDirectory D:\Program\Projects\CRUD_WEB_APPLICATION\CRUD_WEB_APPLICATION\src\test\resources
2023-04-05 01:40:51,586 [Worker-41: Building] INFO  o.e.m.c.i.embedder.EclipseLogger - Using 'UTF-8' encoding to copy filtered resources.
2023-04-05 01:40:51,586 [Worker-41: Building] INFO  o.e.m.c.i.embedder.EclipseLogger - skip non existing resourceDirectory D:\Program\Projects\CRUD_WEB_APPLICATION\CRUD_WEB_APPLICATION\src\main\resources
2023-04-05 01:40:51,590 [Worker-41: Building] INFO  o.e.m.c.i.embedder.EclipseLogger - Using 'UTF-8' encoding to copy filtered resources.
2023-04-05 01:40:51,590 [Worker-41: Building] INFO  o.e.m.c.i.embedder.EclipseLogger - skip non existing resourceDirectory D:\Program\Projects\CRUD_WEB_APPLICATION\CRUD_WEB_APPLICATION\src\test\resources
2023-04-05 01:41:02,002 [Worker-39: Building] INFO  o.e.m.c.i.embedder.EclipseLogger - Using 'UTF-8' encoding to copy filtered resources.
2023-04-05 01:41:02,002 [Worker-39: Building] INFO  o.e.m.c.i.embedder.EclipseLogger - skip non existing resourceDirectory D:\Program\Projects\CRUD_WEB_APPLICATION\CRUD_WEB_APPLICATION\src\main\resources
2023-04-05 01:41:02,005 [Worker-39: Building] INFO  o.e.m.c.i.embedder.EclipseLogger - Using 'UTF-8' encoding to copy filtered resources.
2023-04-05 01:41:02,006 [Worker-39: Building] INFO  o.e.m.c.i.embedder.EclipseLogger - skip non existing resourceDirectory D:\Program\Projects\CRUD_WEB_APPLICATION\CRUD_WEB_APPLICATION\src\test\resources
2023-04-05 01:41:50,595 [Worker-41: Building] INFO  o.e.m.c.i.embedder.EclipseLogger - Using 'UTF-8' encoding to copy filtered resources.
2023-04-05 01:41:50,595 [Worker-41: Building] INFO  o.e.m.c.i.embedder.EclipseLogger - skip non existing resourceDirectory D:\Program\Projects\CRUD_WEB_APPLICATION\CRUD_WEB_APPLICATION\src\main\resources
2023-04-05 01:41:50,597 [Worker-41: Building] INFO  o.e.m.c.i.embedder.EclipseLogger - Using 'UTF-8' encoding to copy filtered resources.
2023-04-05 01:41:50,597 [Worker-41: Building] INFO  o.e.m.c.i.embedder.EclipseLogger - skip non existing resourceDirectory D:\Program\Projects\CRUD_WEB_APPLICATION\CRUD_WEB_APPLICATION\src\test\resources
2023-04-05 01:43:17,890 [Worker-39: Building] INFO  o.e.m.c.i.embedder.EclipseLogger - Using 'UTF-8' encoding to copy filtered resources.
2023-04-05 01:43:17,891 [Worker-39: Building] INFO  o.e.m.c.i.embedder.EclipseLogger - skip non existing resourceDirectory D:\Program\Projects\CRUD_WEB_APPLICATION\CRUD_WEB_APPLICATION\src\main\resources
2023-04-05 01:43:17,893 [Worker-39: Building] INFO  o.e.m.c.i.embedder.EclipseLogger - Using 'UTF-8' encoding to copy filtered resources.
2023-04-05 01:43:17,893 [Worker-39: Building] INFO  o.e.m.c.i.embedder.EclipseLogger - skip non existing resourceDirectory D:\Program\Projects\CRUD_WEB_APPLICATION\CRUD_WEB_APPLICATION\src\test\resources
2023-04-05 01:44:49,432 [Worker-42: Building] INFO  o.e.m.c.i.embedder.EclipseLogger - Using 'UTF-8' encoding to copy filtered resources.
2023-04-05 01:44:49,432 [Worker-42: Building] INFO  o.e.m.c.i.embedder.EclipseLogger - skip non existing resourceDirectory D:\Program\Projects\CRUD_WEB_APPLICATION\CRUD_WEB_APPLICATION\src\main\resources
2023-04-05 01:44:49,434 [Worker-42: Building] INFO  o.e.m.c.i.embedder.EclipseLogger - Using 'UTF-8' encoding to copy filtered resources.
2023-04-05 01:44:49,434 [Worker-42: Building] INFO  o.e.m.c.i.embedder.EclipseLogger - skip non existing resourceDirectory D:\Program\Projects\CRUD_WEB_APPLICATION\CRUD_WEB_APPLICATION\src\test\resources
2023-04-05 01:45:18,355 [Worker-42: Building] INFO  o.e.m.c.i.embedder.EclipseLogger - Using 'UTF-8' encoding to copy filtered resources.
2023-04-05 01:45:18,355 [Worker-42: Building] INFO  o.e.m.c.i.embedder.EclipseLogger - skip non existing resourceDirectory D:\Program\Projects\CRUD_WEB_APPLICATION\CRUD_WEB_APPLICATION\src\main\resources
2023-04-05 01:45:18,358 [Worker-42: Building] INFO  o.e.m.c.i.embedder.EclipseLogger - Using 'UTF-8' encoding to copy filtered resources.
2023-04-05 01:45:18,358 [Worker-42: Building] INFO  o.e.m.c.i.embedder.EclipseLogger - skip non existing resourceDirectory D:\Program\Projects\CRUD_WEB_APPLICATION\CRUD_WEB_APPLICATION\src\test\resources
2023-04-05 01:46:55,616 [Worker-41: Building] INFO  o.e.m.c.i.embedder.EclipseLogger - Using 'UTF-8' encoding to copy filtered resources.
2023-04-05 01:46:55,616 [Worker-41: Building] INFO  o.e.m.c.i.embedder.EclipseLogger - skip non existing resourceDirectory D:\Program\Projects\CRUD_WEB_APPLICATION\CRUD_WEB_APPLICATION\src\main\resources
2023-04-05 01:46:55,618 [Worker-41: Building] INFO  o.e.m.c.i.embedder.EclipseLogger - Using 'UTF-8' encoding to copy filtered resources.
2023-04-05 01:46:55,618 [Worker-41: Building] INFO  o.e.m.c.i.embedder.EclipseLogger - skip non existing resourceDirectory D:\Program\Projects\CRUD_WEB_APPLICATION\CRUD_WEB_APPLICATION\src\test\resources
2023-04-05 01:47:17,820 [Worker-41: Building] INFO  o.e.m.c.i.embedder.EclipseLogger - Using 'UTF-8' encoding to copy filtered resources.
2023-04-05 01:47:17,820 [Worker-41: Building] INFO  o.e.m.c.i.embedder.EclipseLogger - skip non existing resourceDirectory D:\Program\Projects\CRUD_WEB_APPLICATION\CRUD_WEB_APPLICATION\src\main\resources
2023-04-05 01:47:17,825 [Worker-41: Building] INFO  o.e.m.c.i.embedder.EclipseLogger - Using 'UTF-8' encoding to copy filtered resources.
2023-04-05 01:47:17,825 [Worker-41: Building] INFO  o.e.m.c.i.embedder.EclipseLogger - skip non existing resourceDirectory D:\Program\Projects\CRUD_WEB_APPLICATION\CRUD_WEB_APPLICATION\src\test\resources
2023-04-05 01:47:40,201 [Worker-39: Building] INFO  o.e.m.c.i.embedder.EclipseLogger - Using 'UTF-8' encoding to copy filtered resources.
2023-04-05 01:47:40,201 [Worker-39: Building] INFO  o.e.m.c.i.embedder.EclipseLogger - skip non existing resourceDirectory D:\Program\Projects\CRUD_WEB_APPLICATION\CRUD_WEB_APPLICATION\src\main\resources
2023-04-05 01:47:40,203 [Worker-39: Building] INFO  o.e.m.c.i.embedder.EclipseLogger - Using 'UTF-8' encoding to copy filtered resources.
2023-04-05 01:47:40,203 [Worker-39: Building] INFO  o.e.m.c.i.embedder.EclipseLogger - skip non existing resourceDirectory D:\Program\Projects\CRUD_WEB_APPLICATION\CRUD_WEB_APPLICATION\src\test\resources
2023-04-05 01:47:45,898 [Worker-40: Building] INFO  o.e.m.c.i.embedder.EclipseLogger - Using 'UTF-8' encoding to copy filtered resources.
2023-04-05 01:47:45,898 [Worker-40: Building] INFO  o.e.m.c.i.embedder.EclipseLogger - skip non existing resourceDirectory D:\Program\Projects\CRUD_WEB_APPLICATION\CRUD_WEB_APPLICATION\src\main\resources
2023-04-05 01:47:45,900 [Worker-40: Building] INFO  o.e.m.c.i.embedder.EclipseLogger - Using 'UTF-8' encoding to copy filtered resources.
2023-04-05 01:47:45,900 [Worker-40: Building] INFO  o.e.m.c.i.embedder.EclipseLogger - skip non existing resourceDirectory D:\Program\Projects\CRUD_WEB_APPLICATION\CRUD_WEB_APPLICATION\src\test\resources
2023-04-05 01:53:10,534 [Worker-42: Building] INFO  o.e.m.c.i.embedder.EclipseLogger - Using 'UTF-8' encoding to copy filtered resources.
2023-04-05 01:53:10,534 [Worker-42: Building] INFO  o.e.m.c.i.embedder.EclipseLogger - skip non existing resourceDirectory D:\Program\Projects\CRUD_WEB_APPLICATION\CRUD_WEB_APPLICATION\src\main\resources
2023-04-05 01:53:10,536 [Worker-42: Building] INFO  o.e.m.c.i.embedder.EclipseLogger - Using 'UTF-8' encoding to copy filtered resources.
2023-04-05 01:53:10,536 [Worker-42: Building] INFO  o.e.m.c.i.embedder.EclipseLogger - skip non existing resourceDirectory D:\Program\Projects\CRUD_WEB_APPLICATION\CRUD_WEB_APPLICATION\src\test\resources
2023-04-05 01:55:42,085 [Worker-49: Building] INFO  o.e.m.c.i.embedder.EclipseLogger - Using 'UTF-8' encoding to copy filtered resources.
2023-04-05 01:55:42,085 [Worker-49: Building] INFO  o.e.m.c.i.embedder.EclipseLogger - skip non existing resourceDirectory D:\Program\Projects\CRUD_WEB_APPLICATION\CRUD_WEB_APPLICATION\src\main\resources
2023-04-05 01:55:42,088 [Worker-49: Building] INFO  o.e.m.c.i.embedder.EclipseLogger - Using 'UTF-8' encoding to copy filtered resources.
2023-04-05 01:55:42,088 [Worker-49: Building] INFO  o.e.m.c.i.embedder.EclipseLogger - skip non existing resourceDirectory D:\Program\Projects\CRUD_WEB_APPLICATION\CRUD_WEB_APPLICATION\src\test\resources
2023-04-05 01:56:42,699 [Worker-46: Building] INFO  o.e.m.c.i.embedder.EclipseLogger - Using 'UTF-8' encoding to copy filtered resources.
2023-04-05 01:56:42,700 [Worker-46: Building] INFO  o.e.m.c.i.embedder.EclipseLogger - skip non existing resourceDirectory D:\Program\Projects\CRUD_WEB_APPLICATION\CRUD_WEB_APPLICATION\src\main\resources
2023-04-05 01:56:42,702 [Worker-46: Building] INFO  o.e.m.c.i.embedder.EclipseLogger - Using 'UTF-8' encoding to copy filtered resources.
2023-04-05 01:56:42,702 [Worker-46: Building] INFO  o.e.m.c.i.embedder.EclipseLogger - skip non existing resourceDirectory D:\Program\Projects\CRUD_WEB_APPLICATION\CRUD_WEB_APPLICATION\src\test\resources
2023-04-05 01:58:53,429 [Worker-51: Building] INFO  o.e.m.c.i.embedder.EclipseLogger - Using 'UTF-8' encoding to copy filtered resources.
2023-04-05 01:58:53,430 [Worker-51: Building] INFO  o.e.m.c.i.embedder.EclipseLogger - skip non existing resourceDirectory D:\Program\Projects\CRUD_WEB_APPLICATION\CRUD_WEB_APPLICATION\src\main\resources
2023-04-05 01:58:53,431 [Worker-51: Building] INFO  o.e.m.c.i.embedder.EclipseLogger - Using 'UTF-8' encoding to copy filtered resources.
2023-04-05 01:58:53,431 [Worker-51: Building] INFO  o.e.m.c.i.embedder.EclipseLogger - skip non existing resourceDirectory D:\Program\Projects\CRUD_WEB_APPLICATION\CRUD_WEB_APPLICATION\src\test\resources
2023-04-05 01:59:46,693 [Worker-50: Building] INFO  o.e.m.c.i.embedder.EclipseLogger - Using 'UTF-8' encoding to copy filtered resources.
2023-04-05 01:59:46,693 [Worker-50: Building] INFO  o.e.m.c.i.embedder.EclipseLogger - skip non existing resourceDirectory D:\Program\Projects\CRUD_WEB_APPLICATION\CRUD_WEB_APPLICATION\src\main\resources
2023-04-05 01:59:46,695 [Worker-50: Building] INFO  o.e.m.c.i.embedder.EclipseLogger - Using 'UTF-8' encoding to copy filtered resources.
2023-04-05 01:59:46,695 [Worker-50: Building] INFO  o.e.m.c.i.embedder.EclipseLogger - skip non existing resourceDirectory D:\Program\Projects\CRUD_WEB_APPLICATION\CRUD_WEB_APPLICATION\src\test\resources
2023-04-05 02:01:08,694 [Worker-49: Building] INFO  o.e.m.c.i.embedder.EclipseLogger - Using 'UTF-8' encoding to copy filtered resources.
2023-04-05 02:01:08,694 [Worker-49: Building] INFO  o.e.m.c.i.embedder.EclipseLogger - skip non existing resourceDirectory D:\Program\Projects\CRUD_WEB_APPLICATION\CRUD_WEB_APPLICATION\src\main\resources
2023-04-05 02:01:08,696 [Worker-49: Building] INFO  o.e.m.c.i.embedder.EclipseLogger - Using 'UTF-8' encoding to copy filtered resources.
2023-04-05 02:01:08,696 [Worker-49: Building] INFO  o.e.m.c.i.embedder.EclipseLogger - skip non existing resourceDirectory D:\Program\Projects\CRUD_WEB_APPLICATION\CRUD_WEB_APPLICATION\src\test\resources
2023-04-05 02:01:12,007 [Worker-53: Building] INFO  o.e.m.c.i.embedder.EclipseLogger - Using 'UTF-8' encoding to copy filtered resources.
2023-04-05 02:01:12,007 [Worker-53: Building] INFO  o.e.m.c.i.embedder.EclipseLogger - skip non existing resourceDirectory D:\Program\Projects\CRUD_WEB_APPLICATION\CRUD_WEB_APPLICATION\src\main\resources
2023-04-05 02:01:12,008 [Worker-53: Building] INFO  o.e.m.c.i.embedder.EclipseLogger - Using 'UTF-8' encoding to copy filtered resources.
2023-04-05 02:01:12,009 [Worker-53: Building] INFO  o.e.m.c.i.embedder.EclipseLogger - skip non existing resourceDirectory D:\Program\Projects\CRUD_WEB_APPLICATION\CRUD_WEB_APPLICATION\src\test\resources
2023-04-05 02:03:37,866 [Worker-53: Building] INFO  o.e.m.c.i.embedder.EclipseLogger - Using 'UTF-8' encoding to copy filtered resources.
2023-04-05 02:03:37,866 [Worker-53: Building] INFO  o.e.m.c.i.embedder.EclipseLogger - skip non existing resourceDirectory D:\Program\Projects\CRUD_WEB_APPLICATION\CRUD_WEB_APPLICATION\src\main\resources
2023-04-05 02:03:37,868 [Worker-53: Building] INFO  o.e.m.c.i.embedder.EclipseLogger - Using 'UTF-8' encoding to copy filtered resources.
2023-04-05 02:03:37,868 [Worker-53: Building] INFO  o.e.m.c.i.embedder.EclipseLogger - skip non existing resourceDirectory D:\Program\Projects\CRUD_WEB_APPLICATION\CRUD_WEB_APPLICATION\src\test\resources
2023-04-05 02:03:44,240 [Worker-55: Building] INFO  o.e.m.c.i.embedder.EclipseLogger - Using 'UTF-8' encoding to copy filtered resources.
2023-04-05 02:03:44,240 [Worker-55: Building] INFO  o.e.m.c.i.embedder.EclipseLogger - skip non existing resourceDirectory D:\Program\Projects\CRUD_WEB_APPLICATION\CRUD_WEB_APPLICATION\src\main\resources
2023-04-05 02:03:44,243 [Worker-55: Building] INFO  o.e.m.c.i.embedder.EclipseLogger - Using 'UTF-8' encoding to copy filtered resources.
2023-04-05 02:03:44,243 [Worker-55: Building] INFO  o.e.m.c.i.embedder.EclipseLogger - skip non existing resourceDirectory D:\Program\Projects\CRUD_WEB_APPLICATION\CRUD_WEB_APPLICATION\src\test\resources
2023-04-05 22:54:53,099 [Worker-1: Loading available Gradle versions] INFO  o.e.b.c.i.u.g.PublishedGradleVersions - Gradle version information cache is up-to-date. Trying to read.
2023-04-05 22:54:55,467 [Worker-10: Building] INFO  o.e.m.c.i.embedder.EclipseLogger - Using 'UTF-8' encoding to copy filtered resources.
2023-04-05 22:54:55,468 [Worker-10: Building] INFO  o.e.m.c.i.embedder.EclipseLogger - skip non existing resourceDirectory D:\Program\Projects\CRUD_WEB_APPLICATION\CRUD_WEB_APPLICATION\src\main\resources
2023-04-05 22:54:55,471 [Worker-10: Building] INFO  o.e.m.c.i.embedder.EclipseLogger - Using 'UTF-8' encoding to copy filtered resources.
2023-04-05 22:54:55,472 [Worker-10: Building] INFO  o.e.m.c.i.embedder.EclipseLogger - skip non existing resourceDirectory D:\Program\Projects\CRUD_WEB_APPLICATION\CRUD_WEB_APPLICATION\src\test\resources
